#
# There is insufficient memory for the Java Runtime Environment to continue.
# Native memory allocation (malloc) failed to allocate 1905616 bytes. Error detail: Chunk::new
# Possible reasons:
#   The system is out of physical RAM or swap space
#   This process is running with CompressedOops enabled, and the Java Heap may be blocking the growth of the native heap
# Possible solutions:
#   Reduce memory load on the system
#   Increase physical memory or swap space
#   Check if swap backing store is full
#   Decrease Java heap size (-Xmx/-Xms)
#   Decrease number of Java threads
#   Decrease Java thread stack sizes (-Xss)
#   Set larger code cache with -XX:ReservedCodeCacheSize=
#   JVM is running with Zero Based Compressed Oops mode in which the Java heap is
#     placed in the first 32GB address space. The Java Heap base address is the
#     maximum limit for the native heap growth. Please use -XX:HeapBaseMinAddress
#     to set the Java Heap base and to place the Java Heap above 32GB virtual address.
# This output file may be truncated or incomplete.
#
#  Out of Memory Error (arena.cpp:168), pid=29752, tid=19012
#
# JRE version: OpenJDK Runtime Environment Temurin-21.0.10+7 (21.0.10+7) (build 21.0.10+7-LTS)
# Java VM: OpenJDK 64-Bit Server VM Temurin-21.0.10+7 (21.0.10+7-LTS, mixed mode, sharing, tiered, compressed oops, compressed class ptrs, g1 gc, windows-amd64)
# No core dump will be written. Minidumps are not enabled by default on client versions of Windows
#

---------------  S U M M A R Y ------------

Command Line: --add-opens=java.base/java.lang=ALL-UNNAMED --add-opens=java.base/java.lang.invoke=ALL-UNNAMED --add-opens=java.base/java.util=ALL-UNNAMED --add-opens=java.prefs/java.util.prefs=ALL-UNNAMED --add-exports=jdk.compiler/com.sun.tools.javac.api=ALL-UNNAMED --add-exports=jdk.compiler/com.sun.tools.javac.util=ALL-UNNAMED --add-opens=java.base/java.util=ALL-UNNAMED --add-opens=java.prefs/java.util.prefs=ALL-UNNAMED --add-opens=java.base/java.nio.charset=ALL-UNNAMED --add-opens=java.base/java.net=ALL-UNNAMED --add-opens=java.base/java.util.concurrent.atomic=ALL-UNNAMED --add-opens=java.xml/javax.xml.namespace=ALL-UNNAMED -XX:MaxMetaspaceSize=4G -XX:ReservedCodeCacheSize=512m -XX:+HeapDumpOnOutOfMemoryError -Xmx8G -Dfile.encoding=UTF-8 -Duser.country=BR -Duser.language=pt -Duser.variant -javaagent:C:\Users\josuemorais\.gradle\wrapper\dists\gradle-8.14-all\c2qonpi39x1mddn7hk5gh9iqj\gradle-8.14\lib\agents\gradle-instrumentation-agent-8.14.jar org.gradle.launcher.daemon.bootstrap.GradleDaemon 8.14

Host: AMD Ryzen 5 PRO 5650G with Radeon Graphics     , 12 cores, 7G,  Windows 11 , 64 bit Build 26100 (10.0.26100.7920)
Time: Thu Mar 26 14:53:10 2026 Hora oficial do Brasil elapsed time: 13.751552 seconds (0d 0h 0m 13s)

---------------  T H R E A D  ---------------

Current thread (0x0000021caa972010):  JavaThread "C2 CompilerThread0" daemon [_thread_in_native, id=19012, stack(0x00000042b6400000,0x00000042b6500000) (1024K)]


Current CompileTask:
C2:13751 2982       4       java.lang.invoke.MethodType::methodType (69 bytes)

Stack: [0x00000042b6400000,0x00000042b6500000]
Native frames: (J=compiled Java code, j=interpreted, Vv=VM code, C=native code)
V  [jvm.dll+0x6d7a39]
V  [jvm.dll+0x8b4b26]
V  [jvm.dll+0x8b70de]
V  [jvm.dll+0x8b77c3]
V  [jvm.dll+0x284346]
V  [jvm.dll+0xc66ed]
V  [jvm.dll+0xc6c31]
V  [jvm.dll+0x3bec01]
V  [jvm.dll+0x38b162]
V  [jvm.dll+0x38a5aa]
V  [jvm.dll+0x24c560]
V  [jvm.dll+0x24bb40]
V  [jvm.dll+0x1cb34e]
V  [jvm.dll+0x25b85d]
V  [jvm.dll+0x259dea]
V  [jvm.dll+0x3f857e]
V  [jvm.dll+0x85f59d]
V  [jvm.dll+0x6d626d]
C  [ucrtbase.dll+0x37b0]
C  [KERNEL32.DLL+0x2e8d7]
C  [ntdll.dll+0x8c48c]


---------------  P R O C E S S  ---------------

Threads class SMR info:
_java_thread_list=0x0000021cad6d5600, length=25, elements={
0x0000021cfacf2380, 0x0000021caa957030, 0x0000021caa957a90, 0x0000021caa95b990,
0x0000021caa95c3f0, 0x0000021caa95ce50, 0x0000021caa95d9e0, 0x0000021caa972010,
0x0000021caa972ab0, 0x0000021cad6e1cf0, 0x0000021cad626db0, 0x0000021cf3b17080,
0x0000021cf46ea450, 0x0000021cf47ce890, 0x0000021cf45c95a0, 0x0000021cf45daa00,
0x0000021cf45dc290, 0x0000021cf45a2990, 0x0000021cf47e16c0, 0x0000021cf47e1d50,
0x0000021cf47e23e0, 0x0000021cf47e2a70, 0x0000021cf47e3100, 0x0000021cf47e3e20,
0x0000021cf56cb770
}

Java Threads: ( => current thread )
  0x0000021cfacf2380 JavaThread "main"                              [_thread_blocked, id=26580, stack(0x00000042b5600000,0x00000042b5700000) (1024K)]
  0x0000021caa957030 JavaThread "Reference Handler"          daemon [_thread_blocked, id=29888, stack(0x00000042b5e00000,0x00000042b5f00000) (1024K)]
  0x0000021caa957a90 JavaThread "Finalizer"                  daemon [_thread_blocked, id=6380, stack(0x00000042b5f00000,0x00000042b6000000) (1024K)]
  0x0000021caa95b990 JavaThread "Signal Dispatcher"          daemon [_thread_blocked, id=25476, stack(0x00000042b6000000,0x00000042b6100000) (1024K)]
  0x0000021caa95c3f0 JavaThread "Attach Listener"            daemon [_thread_blocked, id=16924, stack(0x00000042b6100000,0x00000042b6200000) (1024K)]
  0x0000021caa95ce50 JavaThread "Service Thread"             daemon [_thread_blocked, id=24176, stack(0x00000042b6200000,0x00000042b6300000) (1024K)]
  0x0000021caa95d9e0 JavaThread "Monitor Deflation Thread"   daemon [_thread_blocked, id=24472, stack(0x00000042b6300000,0x00000042b6400000) (1024K)]
=>0x0000021caa972010 JavaThread "C2 CompilerThread0"         daemon [_thread_in_native, id=19012, stack(0x00000042b6400000,0x00000042b6500000) (1024K)]
  0x0000021caa972ab0 JavaThread "C1 CompilerThread0"         daemon [_thread_blocked, id=14328, stack(0x00000042b6500000,0x00000042b6600000) (1024K)]
  0x0000021cad6e1cf0 JavaThread "Common-Cleaner"             daemon [_thread_blocked, id=33536, stack(0x00000042b6600000,0x00000042b6700000) (1024K)]
  0x0000021cad626db0 JavaThread "Notification Thread"        daemon [_thread_blocked, id=30640, stack(0x00000042b6700000,0x00000042b6800000) (1024K)]
  0x0000021cf3b17080 JavaThread "Daemon health stats"               [_thread_blocked, id=30536, stack(0x00000042b6a00000,0x00000042b6b00000) (1024K)]
  0x0000021cf46ea450 JavaThread "Incoming local TCP Connector on port 60728"        [_thread_in_native, id=32836, stack(0x00000042b6d00000,0x00000042b6e00000) (1024K)]
  0x0000021cf47ce890 JavaThread "Daemon periodic checks"            [_thread_in_native, id=29812, stack(0x00000042b7200000,0x00000042b7300000) (1024K)]
  0x0000021cf45c95a0 JavaThread "Daemon"                            [_thread_blocked, id=31020, stack(0x00000042b7300000,0x00000042b7400000) (1024K)]
  0x0000021cf45daa00 JavaThread "Handler for socket connection from /127.0.0.1:60728 to /127.0.0.1:60729"        [_thread_in_native, id=14924, stack(0x00000042b7400000,0x00000042b7500000) (1024K)]
  0x0000021cf45dc290 JavaThread "Cancel handler"                    [_thread_blocked, id=2320, stack(0x00000042b7500000,0x00000042b7600000) (1024K)]
  0x0000021cf45a2990 JavaThread "Daemon worker"                     [_thread_in_Java, id=31532, stack(0x00000042b7600000,0x00000042b7700000) (1024K)]
  0x0000021cf47e16c0 JavaThread "Asynchronous log dispatcher for DefaultDaemonConnection: socket connection from /127.0.0.1:60728 to /127.0.0.1:60729"        [_thread_blocked, id=1432, stack(0x00000042b7700000,0x00000042b7800000) (1024K)]
  0x0000021cf47e1d50 JavaThread "Stdin handler"                     [_thread_blocked, id=31956, stack(0x00000042b7800000,0x00000042b7900000) (1024K)]
  0x0000021cf47e23e0 JavaThread "Daemon client event forwarder"        [_thread_blocked, id=31416, stack(0x00000042b7900000,0x00000042b7a00000) (1024K)]
  0x0000021cf47e2a70 JavaThread "Cache worker for journal cache (C:\Users\josuemorais\.gradle\caches\journal-1)"        [_thread_blocked, id=5140, stack(0x00000042b7a00000,0x00000042b7b00000) (1024K)]
  0x0000021cf47e3100 JavaThread "File lock request listener"        [_thread_in_native, id=10776, stack(0x00000042b7b00000,0x00000042b7c00000) (1024K)]
  0x0000021cf47e3e20 JavaThread "Cache worker for file hash cache (C:\Users\josuemorais\.gradle\caches\8.14\fileHashes)"        [_thread_blocked, id=23464, stack(0x00000042b7c00000,0x00000042b7d00000) (1024K)]
  0x0000021cf56cb770 JavaThread "C2 CompilerThread1"         daemon [_thread_blocked, id=25552, stack(0x00000042b7d00000,0x00000042b7e00000) (1024K)]
Total: 25

Other Threads:
  0x0000021caa93c890 VMThread "VM Thread"                           [id=18504, stack(0x00000042b5d00000,0x00000042b5e00000) (1024K)]
  0x0000021caa925430 WatcherThread "VM Periodic Task Thread"        [id=23516, stack(0x00000042b5c00000,0x00000042b5d00000) (1024K)]
  0x0000021caa7c1120 WorkerThread "GC Thread#0"                     [id=19756, stack(0x00000042b5700000,0x00000042b5800000) (1024K)]
  0x0000021cad724200 WorkerThread "GC Thread#1"                     [id=21748, stack(0x00000042b6800000,0x00000042b6900000) (1024K)]
  0x0000021cad78d080 WorkerThread "GC Thread#2"                     [id=30352, stack(0x00000042b6900000,0x00000042b6a00000) (1024K)]
  0x0000021cf39a8640 WorkerThread "GC Thread#3"                     [id=28160, stack(0x00000042b6b00000,0x00000042b6c00000) (1024K)]
  0x0000021cf3a993a0 WorkerThread "GC Thread#4"                     [id=27672, stack(0x00000042b6c00000,0x00000042b6d00000) (1024K)]
  0x0000021cf460f1f0 WorkerThread "GC Thread#5"                     [id=12668, stack(0x00000042b6e00000,0x00000042b6f00000) (1024K)]
  0x0000021cf46b9ca0 WorkerThread "GC Thread#6"                     [id=10496, stack(0x00000042b6f00000,0x00000042b7000000) (1024K)]
  0x0000021cf46bf930 WorkerThread "GC Thread#7"                     [id=2592, stack(0x00000042b7000000,0x00000042b7100000) (1024K)]
  0x0000021cf46c0900 WorkerThread "GC Thread#8"                     [id=22860, stack(0x00000042b7100000,0x00000042b7200000) (1024K)]
  0x0000021cf68a5860 WorkerThread "GC Thread#9"                     [id=8104, stack(0x00000042b7e00000,0x00000042b7f00000) (1024K)]
  0x0000021cfad6ba10 ConcurrentGCThread "G1 Main Marker"            [id=32056, stack(0x00000042b5800000,0x00000042b5900000) (1024K)]
  0x0000021cfad6d440 WorkerThread "G1 Conc#0"                       [id=26716, stack(0x00000042b5900000,0x00000042b5a00000) (1024K)]
  0x0000021caa7f50e0 ConcurrentGCThread "G1 Refine#0"               [id=9936, stack(0x00000042b5a00000,0x00000042b5b00000) (1024K)]
  0x0000021caa7f7a30 ConcurrentGCThread "G1 Service"                [id=24756, stack(0x00000042b5b00000,0x00000042b5c00000) (1024K)]
Total: 16

Threads with active compile tasks:
C2 CompilerThread0  13860 2982       4       java.lang.invoke.MethodType::methodType (69 bytes)
Total: 1

VM state: not at safepoint (normal execution)

VM Mutex/Monitor currently owned by a thread: None

Heap address: 0x0000000600000000, size: 8192 MB, Compressed Oops mode: Zero based, Oop shift amount: 3

CDS archive(s) mapped at: [0x0000021cae000000-0x0000021caeba0000-0x0000021caeba0000), size 12189696, SharedBaseAddress: 0x0000021cae000000, ArchiveRelocationMode: 1.
Compressed class space mapped at: 0x0000021caf000000-0x0000021cef000000, reserved size: 1073741824
Narrow klass base: 0x0000021cae000000, Narrow klass shift: 0, Narrow klass range: 0x100000000

GC Precious Log:
 CardTable entry size: 512
 Card Set container configuration: InlinePtr #cards 4 size 8 Array Of Cards #cards 32 size 80 Howl #buckets 8 coarsen threshold 7372 Howl Bitmap #cards 1024 size 144 coarsen threshold 921 Card regions per heap region 1 cards per card region 8192
 CPUs: 12 total, 12 available
 Memory: 7531M
 Large Page Support: Disabled
 NUMA Support: Disabled
 Compressed Oops: Enabled (Zero based)
 Heap Region Size: 4M
 Heap Min Capacity: 8M
 Heap Initial Capacity: 120M
 Heap Max Capacity: 8G
 Pre-touch: Disabled
 Parallel Workers: 10
 Concurrent Workers: 3
 Concurrent Refinement Workers: 10
 Periodic GC: Disabled

Heap:
 garbage-first heap   total 122880K, used 32085K [0x0000000600000000, 0x0000000800000000)
  region size 4096K, 5 young (20480K), 2 survivors (8192K)
 Metaspace       used 19717K, committed 20288K, reserved 1114112K
  class space    used 2894K, committed 3136K, reserved 1048576K

Heap Regions: E=young(eden), S=young(survivor), O=old, HS=humongous(starts), HC=humongous(continues), CS=collection set, F=free, TAMS=top-at-mark-start, PB=parsable bottom
|   0|0x0000000600000000, 0x0000000600400000, 0x0000000600400000|100%|HS|  |TAMS 0x0000000600000000| PB 0x0000000600000000| Complete 
|   1|0x0000000600400000, 0x0000000600800000, 0x0000000600800000|100%| O|  |TAMS 0x0000000600400000| PB 0x0000000600400000| Untracked 
|   2|0x0000000600800000, 0x0000000600c00000, 0x0000000600c00000|100%| O|  |TAMS 0x0000000600800000| PB 0x0000000600800000| Untracked 
|   3|0x0000000600c00000, 0x0000000601000000, 0x0000000601000000|100%| O|  |TAMS 0x0000000600c00000| PB 0x0000000600c00000| Untracked 
|   4|0x0000000601000000, 0x000000060127b8b0, 0x0000000601400000| 62%| O|  |TAMS 0x0000000601000000| PB 0x0000000601000000| Untracked 
|   5|0x0000000601400000, 0x0000000601400000, 0x0000000601800000|  0%| F|  |TAMS 0x0000000601400000| PB 0x0000000601400000| Untracked 
|   6|0x0000000601800000, 0x0000000601800000, 0x0000000601c00000|  0%| F|  |TAMS 0x0000000601800000| PB 0x0000000601800000| Untracked 
|   7|0x0000000601c00000, 0x0000000601c00000, 0x0000000602000000|  0%| F|  |TAMS 0x0000000601c00000| PB 0x0000000601c00000| Untracked 
|   8|0x0000000602000000, 0x0000000602000000, 0x0000000602400000|  0%| F|  |TAMS 0x0000000602000000| PB 0x0000000602000000| Untracked 
|   9|0x0000000602400000, 0x0000000602400000, 0x0000000602800000|  0%| F|  |TAMS 0x0000000602400000| PB 0x0000000602400000| Untracked 
|  10|0x0000000602800000, 0x0000000602800000, 0x0000000602c00000|  0%| F|  |TAMS 0x0000000602800000| PB 0x0000000602800000| Untracked 
|  11|0x0000000602c00000, 0x0000000602c00000, 0x0000000603000000|  0%| F|  |TAMS 0x0000000602c00000| PB 0x0000000602c00000| Untracked 
|  12|0x0000000603000000, 0x00000006030d9dd0, 0x0000000603400000| 21%| S|CS|TAMS 0x0000000603000000| PB 0x0000000603000000| Complete 
|  13|0x0000000603400000, 0x0000000603800000, 0x0000000603800000|100%| S|CS|TAMS 0x0000000603400000| PB 0x0000000603400000| Complete 
|  14|0x0000000603800000, 0x0000000603800000, 0x0000000603c00000|  0%| F|  |TAMS 0x0000000603800000| PB 0x0000000603800000| Untracked 
|  15|0x0000000603c00000, 0x0000000603c00000, 0x0000000604000000|  0%| F|  |TAMS 0x0000000603c00000| PB 0x0000000603c00000| Untracked 
|  16|0x0000000604000000, 0x0000000604000000, 0x0000000604400000|  0%| F|  |TAMS 0x0000000604000000| PB 0x0000000604000000| Untracked 
|  17|0x0000000604400000, 0x0000000604400000, 0x0000000604800000|  0%| F|  |TAMS 0x0000000604400000| PB 0x0000000604400000| Untracked 
|  18|0x0000000604800000, 0x0000000604800000, 0x0000000604c00000|  0%| F|  |TAMS 0x0000000604800000| PB 0x0000000604800000| Untracked 
|  19|0x0000000604c00000, 0x0000000604c00000, 0x0000000605000000|  0%| F|  |TAMS 0x0000000604c00000| PB 0x0000000604c00000| Untracked 
|  20|0x0000000605000000, 0x0000000605000000, 0x0000000605400000|  0%| F|  |TAMS 0x0000000605000000| PB 0x0000000605000000| Untracked 
|  21|0x0000000605400000, 0x0000000605400000, 0x0000000605800000|  0%| F|  |TAMS 0x0000000605400000| PB 0x0000000605400000| Untracked 
|  22|0x0000000605800000, 0x0000000605800000, 0x0000000605c00000|  0%| F|  |TAMS 0x0000000605800000| PB 0x0000000605800000| Untracked 
|  23|0x0000000605c00000, 0x0000000605c00000, 0x0000000606000000|  0%| F|  |TAMS 0x0000000605c00000| PB 0x0000000605c00000| Untracked 
|  24|0x0000000606000000, 0x0000000606000000, 0x0000000606400000|  0%| F|  |TAMS 0x0000000606000000| PB 0x0000000606000000| Untracked 
|  25|0x0000000606400000, 0x0000000606400000, 0x0000000606800000|  0%| F|  |TAMS 0x0000000606400000| PB 0x0000000606400000| Untracked 
|  26|0x0000000606800000, 0x0000000606800000, 0x0000000606c00000|  0%| F|  |TAMS 0x0000000606800000| PB 0x0000000606800000| Untracked 
|  27|0x0000000606c00000, 0x0000000606d69628, 0x0000000607000000| 35%| E|  |TAMS 0x0000000606c00000| PB 0x0000000606c00000| Complete 
|  28|0x0000000607000000, 0x0000000607400000, 0x0000000607400000|100%| E|CS|TAMS 0x0000000607000000| PB 0x0000000607000000| Complete 
|  29|0x0000000607400000, 0x0000000607800000, 0x0000000607800000|100%| E|CS|TAMS 0x0000000607400000| PB 0x0000000607400000| Complete 

Card table byte_map: [0x0000021ca1780000,0x0000021ca2780000] _byte_map_base: 0x0000021c9e780000

Marking Bits: (CMBitMap*) 0x0000021caa7c1740
 Bits: [0x0000021ca2780000, 0x0000021caa780000)

Polling page: 0x0000021cfada0000

Metaspace:

Usage:
  Non-class:     16.43 MB used.
      Class:      2.83 MB used.
       Both:     19.26 MB used.

Virtual space:
  Non-class space:       64.00 MB reserved,      16.75 MB ( 26%) committed,  1 nodes.
      Class space:        1.00 GB reserved,       3.06 MB ( <1%) committed,  1 nodes.
             Both:        1.06 GB reserved,      19.81 MB (  2%) committed. 

Chunk freelists:
   Non-Class:  14.41 MB
       Class:  12.94 MB
        Both:  27.35 MB

MaxMetaspaceSize: 4.00 GB
CompressedClassSpaceSize: 1.00 GB
Initial GC threshold: 21.00 MB
Current GC threshold: 21.00 MB
CDS: on
 - commit_granule_bytes: 65536.
 - commit_granule_words: 8192.
 - virtual_space_node_default_size: 8388608.
 - enlarge_chunks_in_place: 1.
 - use_allocation_guard: 0.


Internal statistics:

num_allocs_failed_limit: 0.
num_arena_births: 882.
num_arena_deaths: 0.
num_vsnodes_births: 2.
num_vsnodes_deaths: 0.
num_space_committed: 317.
num_space_uncommitted: 0.
num_chunks_returned_to_freelist: 0.
num_chunks_taken_from_freelist: 1673.
num_chunk_merges: 0.
num_chunk_splits: 1078.
num_chunks_enlarged: 693.
num_inconsistent_stats: 0.

CodeHeap 'non-profiled nmethods': size=259264Kb used=1573Kb max_used=1573Kb free=257690Kb
 bounds [0x0000021c902d0000, 0x0000021c90540000, 0x0000021ca0000000]
CodeHeap 'profiled nmethods': size=259264Kb used=6006Kb max_used=6006Kb free=253257Kb
 bounds [0x0000021c80000000, 0x0000021c805e0000, 0x0000021c8fd30000]
CodeHeap 'non-nmethods': size=5760Kb used=1421Kb max_used=1471Kb free=4338Kb
 bounds [0x0000021c8fd30000, 0x0000021c8ffa0000, 0x0000021c902d0000]
CodeCache: size=524288Kb, used=9000Kb, max_used=9050Kb, free=515285Kb
 total_blobs=3590, nmethods=3013, adapters=481, full_count=0
Compilation: enabled, stopped_count=0, restarted_count=0

Compilation events (20 events):
Event: 12.289 Thread 0x0000021caa972ab0 nmethod 3002 0x0000021c805d9410 code [0x0000021c805d9680, 0x0000021c805da188]
Event: 12.289 Thread 0x0000021caa972ab0 3003       3       org.gradle.internal.service.DefaultServiceRegistry$FactoryMethodService::<init> (17 bytes)
Event: 12.289 Thread 0x0000021caa972ab0 nmethod 3003 0x0000021c805da510 code [0x0000021c805da6c0, 0x0000021c805da888]
Event: 12.289 Thread 0x0000021caa972ab0 3004       3       org.gradle.internal.service.DefaultServiceRegistry$FactoryMethodService::serviceTypesOf (42 bytes)
Event: 12.290 Thread 0x0000021caa972ab0 nmethod 3004 0x0000021c805da990 code [0x0000021c805dac80, 0x0000021c805dbd48]
Event: 12.290 Thread 0x0000021caa972ab0 3005   !   3       jdk.proxy1.$Proxy2::value (29 bytes)
Event: 12.290 Thread 0x0000021caa972ab0 nmethod 3005 0x0000021c805dc290 code [0x0000021c805dc460, 0x0000021c805dc868]
Event: 12.290 Thread 0x0000021caa972ab0 3006       3       org.gradle.internal.service.DefaultServiceRegistry$FactoryMethodService::<init> (34 bytes)
Event: 12.290 Thread 0x0000021caa972ab0 nmethod 3006 0x0000021c805dca10 code [0x0000021c805dcbe0, 0x0000021c805dd060]
Event: 12.369 Thread 0x0000021caa972ab0 3007       1       java.util.ImmutableCollections$List12::isEmpty (2 bytes)
Event: 12.369 Thread 0x0000021caa972ab0 nmethod 3007 0x0000021c90445290 code [0x0000021c90445420, 0x0000021c904454e8]
Event: 12.374 Thread 0x0000021cf56cb770 nmethod 2851 0x0000021c90445590 code [0x0000021c90446040, 0x0000021c9044ee38]
Event: 12.375 Thread 0x0000021cf56cb770 2988       4       jdk.internal.org.objectweb.asm.Frame::push (59 bytes)
Event: 13.396 Thread 0x0000021cf56cb770 nmethod 2988 0x0000021c90453690 code [0x0000021c904538e0, 0x0000021c90454768]
Event: 13.396 Thread 0x0000021cf56cb770 2984       4       java.lang.invoke.MethodType::equals (25 bytes)
Event: 13.398 Thread 0x0000021cf56cb770 nmethod 2984 0x0000021c90454f10 code [0x0000021c904550c0, 0x0000021c90455390]
Event: 13.398 Thread 0x0000021cf56cb770 2986       4       java.lang.ClassNotFoundException::<init> (7 bytes)
Event: 13.400 Thread 0x0000021cf56cb770 nmethod 2986 0x0000021c90455590 code [0x0000021c90455760, 0x0000021c90455ee0]
Event: 13.400 Thread 0x0000021cf56cb770 2983       4       java.lang.invoke.MemberName::getMethodOrFieldType (72 bytes)
Event: 13.404 Thread 0x0000021cf56cb770 nmethod 2983 0x0000021c90456010 code [0x0000021c904562a0, 0x0000021c90456b68]

GC Heap History (8 events):
Event: 0.464 GC heap before
{Heap before GC invocations=0 (full 0):
 garbage-first heap   total 122880K, used 20480K [0x0000000600000000, 0x0000000800000000)
  region size 4096K, 5 young (20480K), 0 survivors (0K)
 Metaspace       used 869K, committed 1024K, reserved 1114112K
  class space    used 71K, committed 128K, reserved 1048576K
}
Event: 0.468 GC heap after
{Heap after GC invocations=1 (full 0):
 garbage-first heap   total 122880K, used 1600K [0x0000000600000000, 0x0000000800000000)
  region size 4096K, 1 young (4096K), 1 survivors (4096K)
 Metaspace       used 869K, committed 1024K, reserved 1114112K
  class space    used 71K, committed 128K, reserved 1048576K
}
Event: 1.641 GC heap before
{Heap before GC invocations=1 (full 0):
 garbage-first heap   total 122880K, used 38464K [0x0000000600000000, 0x0000000800000000)
  region size 4096K, 10 young (40960K), 1 survivors (4096K)
 Metaspace       used 4361K, committed 4544K, reserved 1114112K
  class space    used 560K, committed 640K, reserved 1048576K
}
Event: 1.647 GC heap after
{Heap after GC invocations=2 (full 0):
 garbage-first heap   total 122880K, used 12115K [0x0000000600000000, 0x0000000800000000)
  region size 4096K, 2 young (8192K), 2 survivors (8192K)
 Metaspace       used 4361K, committed 4544K, reserved 1114112K
  class space    used 560K, committed 640K, reserved 1048576K
}
Event: 2.903 GC heap before
{Heap before GC invocations=2 (full 0):
 garbage-first heap   total 122880K, used 77651K [0x0000000600000000, 0x0000000800000000)
  region size 4096K, 18 young (73728K), 2 survivors (8192K)
 Metaspace       used 7916K, committed 8256K, reserved 1114112K
  class space    used 1081K, committed 1216K, reserved 1048576K
}
Event: 2.913 GC heap after
{Heap after GC invocations=3 (full 0):
 garbage-first heap   total 122880K, used 18573K [0x0000000600000000, 0x0000000800000000)
  region size 4096K, 2 young (8192K), 2 survivors (8192K)
 Metaspace       used 7916K, committed 8256K, reserved 1114112K
  class space    used 1081K, committed 1216K, reserved 1048576K
}
Event: 12.182 GC heap before
{Heap before GC invocations=3 (full 0):
 garbage-first heap   total 122880K, used 84109K [0x0000000600000000, 0x0000000800000000)
  region size 4096K, 18 young (73728K), 2 survivors (8192K)
 Metaspace       used 18661K, committed 19264K, reserved 1114112K
  class space    used 2717K, committed 3008K, reserved 1048576K
}
Event: 12.188 GC heap after
{Heap after GC invocations=4 (full 0):
 garbage-first heap   total 122880K, used 23893K [0x0000000600000000, 0x0000000800000000)
  region size 4096K, 2 young (8192K), 2 survivors (8192K)
 Metaspace       used 18661K, committed 19264K, reserved 1114112K
  class space    used 2717K, committed 3008K, reserved 1048576K
}

Dll operation events (14 events):
Event: 0.014 Loaded shared library C:\Users\josuemorais\.vscode\extensions\redhat.java-1.53.0-win32-x64\jre\21.0.10-win32-x86_64\bin\java.dll
Event: 0.069 Loaded shared library C:\Users\josuemorais\.vscode\extensions\redhat.java-1.53.0-win32-x64\jre\21.0.10-win32-x86_64\bin\zip.dll
Event: 0.091 Loaded shared library C:\Users\josuemorais\.vscode\extensions\redhat.java-1.53.0-win32-x64\jre\21.0.10-win32-x86_64\bin\instrument.dll
Event: 0.096 Loaded shared library C:\Users\josuemorais\.vscode\extensions\redhat.java-1.53.0-win32-x64\jre\21.0.10-win32-x86_64\bin\net.dll
Event: 0.099 Loaded shared library C:\Users\josuemorais\.vscode\extensions\redhat.java-1.53.0-win32-x64\jre\21.0.10-win32-x86_64\bin\nio.dll
Event: 0.102 Loaded shared library C:\Users\josuemorais\.vscode\extensions\redhat.java-1.53.0-win32-x64\jre\21.0.10-win32-x86_64\bin\zip.dll
Event: 0.494 Loaded shared library C:\Users\josuemorais\.vscode\extensions\redhat.java-1.53.0-win32-x64\jre\21.0.10-win32-x86_64\bin\jimage.dll
Event: 0.650 Loaded shared library C:\Users\josuemorais\.vscode\extensions\redhat.java-1.53.0-win32-x64\jre\21.0.10-win32-x86_64\bin\verify.dll
Event: 0.803 Loaded shared library C:\Users\josuemorais\.gradle\native\1def1411415f61bf3af743bc5b6707747c0891f09f0c88961ee8f79bc544acac\windows-amd64\native-platform.dll
Event: 1.248 Loaded shared library C:\Users\josuemorais\.gradle\native\0.2.7\x86_64-windows-gnu\gradle-fileevents.dll
Event: 2.396 Loaded shared library C:\Users\josuemorais\.vscode\extensions\redhat.java-1.53.0-win32-x64\jre\21.0.10-win32-x86_64\bin\management.dll
Event: 2.402 Loaded shared library C:\Users\josuemorais\.vscode\extensions\redhat.java-1.53.0-win32-x64\jre\21.0.10-win32-x86_64\bin\management_ext.dll
Event: 2.832 Loaded shared library C:\Users\josuemorais\.vscode\extensions\redhat.java-1.53.0-win32-x64\jre\21.0.10-win32-x86_64\bin\extnet.dll
Event: 3.578 Loaded shared library C:\Users\josuemorais\.vscode\extensions\redhat.java-1.53.0-win32-x64\jre\21.0.10-win32-x86_64\bin\sunmscapi.dll

Deoptimization events (20 events):
Event: 11.563 Thread 0x0000021cf45a2990 DEOPT PACKING pc=0x0000021c902f5a40 sp=0x00000042b76fb700
Event: 11.563 Thread 0x0000021cf45a2990 DEOPT UNPACKING pc=0x0000021c8fd84422 sp=0x00000042b76fb698 mode 2
Event: 11.565 Thread 0x0000021cf45a2990 Uncommon trap: trap_request=0xffffff45 fr.pc=0x0000021c9036029c relative=0x000000000000063c
Event: 11.565 Thread 0x0000021cf45a2990 Uncommon trap: reason=unstable_if action=reinterpret pc=0x0000021c9036029c method=java.io.File.getName()Ljava/lang/String; @ 16 c2
Event: 11.565 Thread 0x0000021cf45a2990 DEOPT PACKING pc=0x0000021c9036029c sp=0x00000042b76fb6c0
Event: 11.565 Thread 0x0000021cf45a2990 DEOPT UNPACKING pc=0x0000021c8fd84422 sp=0x00000042b76fb690 mode 2
Event: 11.710 Thread 0x0000021cf45a2990 Uncommon trap: trap_request=0xffffff45 fr.pc=0x0000021c902fb094 relative=0x00000000000000f4
Event: 11.710 Thread 0x0000021cf45a2990 Uncommon trap: reason=unstable_if action=reinterpret pc=0x0000021c902fb094 method=java.util.HashMap.hash(Ljava/lang/Object;)I @ 1 c2
Event: 11.710 Thread 0x0000021cf45a2990 DEOPT PACKING pc=0x0000021c902fb094 sp=0x00000042b76fc7c0
Event: 11.710 Thread 0x0000021cf45a2990 DEOPT UNPACKING pc=0x0000021c8fd84422 sp=0x00000042b76fc700 mode 2
Event: 11.753 Thread 0x0000021cf45a2990 DEOPT PACKING pc=0x0000021c80484276 sp=0x00000042b76f8f40
Event: 11.753 Thread 0x0000021cf45a2990 DEOPT UNPACKING pc=0x0000021c8fd84bc2 sp=0x00000042b76f8450 mode 0
Event: 11.815 Thread 0x0000021cf45a2990 DEOPT PACKING pc=0x0000021c80484276 sp=0x00000042b76fcce0
Event: 11.815 Thread 0x0000021cf45a2990 DEOPT UNPACKING pc=0x0000021c8fd84bc2 sp=0x00000042b76fc1f0 mode 0
Event: 11.980 Thread 0x0000021cf45a2990 DEOPT PACKING pc=0x0000021c80484276 sp=0x00000042b76fc470
Event: 11.980 Thread 0x0000021cf45a2990 DEOPT UNPACKING pc=0x0000021c8fd84bc2 sp=0x00000042b76fb980 mode 0
Event: 12.019 Thread 0x0000021cf45a2990 DEOPT PACKING pc=0x0000021c80484276 sp=0x00000042b76fc5a0
Event: 12.019 Thread 0x0000021cf45a2990 DEOPT UNPACKING pc=0x0000021c8fd84bc2 sp=0x00000042b76fbab0 mode 0
Event: 12.032 Thread 0x0000021cf45a2990 DEOPT PACKING pc=0x0000021c80484276 sp=0x00000042b76fc670
Event: 12.032 Thread 0x0000021cf45a2990 DEOPT UNPACKING pc=0x0000021c8fd84bc2 sp=0x00000042b76fbb80 mode 0

Classes loaded (20 events):
Event: 11.827 Loading class java/lang/invoke/BoundMethodHandle$Species_LLLLLLLLLLLLLLLLLLLLLLL
Event: 11.827 Loading class java/lang/invoke/BoundMethodHandle$Species_LLLLLLLLLLLLLLLLLLLLLLL done
Event: 11.829 Loading class java/lang/invoke/BoundMethodHandle$Species_LLLLLLLLLLLLLLLLLLLLLLLL
Event: 11.829 Loading class java/lang/invoke/BoundMethodHandle$Species_LLLLLLLLLLLLLLLLLLLLLLLL done
Event: 11.942 Loading class java/util/function/LongFunction
Event: 11.942 Loading class java/util/function/LongFunction done
Event: 12.005 Loading class java/security/InvalidKeyException
Event: 12.005 Loading class java/security/KeyException
Event: 12.006 Loading class java/security/KeyException done
Event: 12.006 Loading class java/security/InvalidKeyException done
Event: 12.101 Loading class java/io/ObjectInputStream
Event: 12.102 Loading class java/io/ObjectInput
Event: 12.102 Loading class java/io/ObjectInput done
Event: 12.102 Loading class java/io/ObjectStreamConstants
Event: 12.102 Loading class java/io/ObjectStreamConstants done
Event: 12.102 Loading class java/io/ObjectInputStream done
Event: 12.103 Loading class java/io/ObjectOutputStream
Event: 12.104 Loading class java/io/ObjectOutput
Event: 12.104 Loading class java/io/ObjectOutput done
Event: 12.104 Loading class java/io/ObjectOutputStream done

Classes unloaded (0 events):
No events

Classes redefined (0 events):
No events

Internal exceptions (20 events):
Event: 11.675 Thread 0x0000021cf45a2990 Exception <a 'java/lang/IncompatibleClassChangeError'{0x0000000604ed79b0}: Found class java.lang.Object, but interface was expected> (0x0000000604ed79b0) 
thrown [s\src\hotspot\share\interpreter\linkResolver.cpp, line 840]
Event: 11.710 Thread 0x0000021cf45a2990 Implicit null exception at 0x0000021c902fafe6 to 0x0000021c902fb08a
Event: 11.734 Thread 0x0000021cf45a2990 Exception <a 'java/lang/NoSuchMethodError'{0x00000006048dae98}: 'int java.lang.invoke.DirectMethodHandle$Holder.invokeStatic(java.lang.Object, java.lang.Object, java.lang.Object, java.lang.Object)'> (0x00000006048dae98) 
thrown [s\src\hotspot\share\interpreter\linkResolver.cpp, line 773]
Event: 11.800 Thread 0x0000021cf45a2990 Exception <a 'java/lang/NoSuchMethodError'{0x0000000604b80950}: 'java.lang.Object java.lang.invoke.DelegatingMethodHandle$Holder.reinvoke_L(java.lang.Object, java.lang.Object, java.lang.Object, java.lang.Object, java.lang.Object, java.lang.Object, java.lang.Object, java.lang.Object, java.lang.Object, java.lang.Object, java.lang.Object, java.lang.Object, java.lang.Object, java.lang.Object, java.lang.Object, java.lang.Object, java.lang.Object, java.lang.Object, java.lang.Object, java.lang.Object, java.lang.O
Event: 11.809 Thread 0x0000021cf45a2990 Exception <a 'java/lang/NoSuchMethodError'{0x0000000604bf0030}: 'java.lang.Object java.lang.invoke.DirectMethodHandle$Holder.invokeStatic(java.lang.Object, java.lang.Object, java.lang.Object, java.lang.Object, java.lang.Object, java.lang.Object, java.lang.Object, java.lang.Object, java.lang.Object, java.lang.Object, java.lang.Object, java.lang.Object, java.lang.Object, java.lang.Object, java.lang.Object, java.lang.Object, java.lang.Object)'> (0x0000000604bf0030) 
thrown [s\src\hotspot\share\interpreter\lin
Event: 11.810 Thread 0x0000021cf45a2990 Exception <a 'java/lang/NoSuchMethodError'{0x0000000604419018}: 'java.lang.Object java.lang.invoke.DirectMethodHandle$Holder.invokeStatic(java.lang.Object, java.lang.Object, java.lang.Object, java.lang.Object, java.lang.Object, java.lang.Object, java.lang.Object, java.lang.Object, java.lang.Object, java.lang.Object, java.lang.Object, java.lang.Object, java.lang.Object, java.lang.Object, java.lang.Object, java.lang.Object, java.lang.Object, java.lang.Object)'> (0x0000000604419018) 
thrown [s\src\hotspot\sha
Event: 11.814 Thread 0x0000021cf45a2990 Exception <a 'java/lang/NoSuchMethodError'{0x0000000604443258}: 'java.lang.Object java.lang.invoke.DirectMethodHandle$Holder.invokeStatic(java.lang.Object, java.lang.Object, java.lang.Object, java.lang.Object, java.lang.Object, java.lang.Object, java.lang.Object, java.lang.Object, java.lang.Object, java.lang.Object, java.lang.Object, java.lang.Object, java.lang.Object, java.lang.Object, java.lang.Object, java.lang.Object, java.lang.Object, java.lang.Object, java.lang.Object)'> (0x0000000604443258) 
thrown 
Event: 11.816 Thread 0x0000021cf45a2990 Exception <a 'java/lang/NoSuchMethodError'{0x0000000604474c98}: 'java.lang.Object java.lang.invoke.DirectMethodHandle$Holder.invokeStatic(java.lang.Object, java.lang.Object, java.lang.Object, java.lang.Object, java.lang.Object, java.lang.Object, java.lang.Object, java.lang.Object, java.lang.Object, java.lang.Object, java.lang.Object, java.lang.Object, java.lang.Object, java.lang.Object, java.lang.Object, java.lang.Object, java.lang.Object, java.lang.Object, java.lang.Object, java.lang.Object)'> (0x00000006
Event: 11.818 Thread 0x0000021cf45a2990 Exception <a 'java/lang/NoSuchMethodError'{0x00000006044a1580}: 'java.lang.Object java.lang.invoke.DirectMethodHandle$Holder.invokeStatic(java.lang.Object, java.lang.Object, java.lang.Object, java.lang.Object, java.lang.Object, java.lang.Object, java.lang.Object, java.lang.Object, java.lang.Object, java.lang.Object, java.lang.Object, java.lang.Object, java.lang.Object, java.lang.Object, java.lang.Object, java.lang.Object, java.lang.Object, java.lang.Object, java.lang.Object, java.lang.Object, java.lang.Obj
Event: 11.820 Thread 0x0000021cf45a2990 Exception <a 'java/lang/NoSuchMethodError'{0x00000006044cf250}: 'java.lang.Object java.lang.invoke.DirectMethodHandle$Holder.invokeStatic(java.lang.Object, java.lang.Object, java.lang.Object, java.lang.Object, java.lang.Object, java.lang.Object, java.lang.Object, java.lang.Object, java.lang.Object, java.lang.Object, java.lang.Object, java.lang.Object, java.lang.Object, java.lang.Object, java.lang.Object, java.lang.Object, java.lang.Object, java.lang.Object, java.lang.Object, java.lang.Object, java.lang.Obj
Event: 11.822 Thread 0x0000021cf45a2990 Exception <a 'java/lang/NoSuchMethodError'{0x00000006044fe030}: 'java.lang.Object java.lang.invoke.DirectMethodHandle$Holder.invokeStatic(java.lang.Object, java.lang.Object, java.lang.Object, java.lang.Object, java.lang.Object, java.lang.Object, java.lang.Object, java.lang.Object, java.lang.Object, java.lang.Object, java.lang.Object, java.lang.Object, java.lang.Object, java.lang.Object, java.lang.Object, java.lang.Object, java.lang.Object, java.lang.Object, java.lang.Object, java.lang.Object, java.lang.Obj
Event: 11.824 Thread 0x0000021cf45a2990 Exception <a 'java/lang/NoSuchMethodError'{0x000000060452d6e8}: 'java.lang.Object java.lang.invoke.DirectMethodHandle$Holder.invokeStatic(java.lang.Object, java.lang.Object, java.lang.Object, java.lang.Object, java.lang.Object, java.lang.Object, java.lang.Object, java.lang.Object, java.lang.Object, java.lang.Object, java.lang.Object, java.lang.Object, java.lang.Object, java.lang.Object, java.lang.Object, java.lang.Object, java.lang.Object, java.lang.Object, java.lang.Object, java.lang.Object, java.lang.Obj
Event: 11.826 Thread 0x0000021cf45a2990 Exception <a 'java/lang/NoSuchMethodError'{0x000000060455e088}: 'java.lang.Object java.lang.invoke.DirectMethodHandle$Holder.invokeStatic(java.lang.Object, java.lang.Object, java.lang.Object, java.lang.Object, java.lang.Object, java.lang.Object, java.lang.Object, java.lang.Object, java.lang.Object, java.lang.Object, java.lang.Object, java.lang.Object, java.lang.Object, java.lang.Object, java.lang.Object, java.lang.Object, java.lang.Object, java.lang.Object, java.lang.Object, java.lang.Object, java.lang.Obj
Event: 11.828 Thread 0x0000021cf45a2990 Exception <a 'java/lang/NoSuchMethodError'{0x000000060458ef70}: 'java.lang.Object java.lang.invoke.DirectMethodHandle$Holder.invokeStatic(java.lang.Object, java.lang.Object, java.lang.Object, java.lang.Object, java.lang.Object, java.lang.Object, java.lang.Object, java.lang.Object, java.lang.Object, java.lang.Object, java.lang.Object, java.lang.Object, java.lang.Object, java.lang.Object, java.lang.Object, java.lang.Object, java.lang.Object, java.lang.Object, java.lang.Object, java.lang.Object, java.lang.Obj
Event: 11.830 Thread 0x0000021cf45a2990 Exception <a 'java/lang/NoSuchMethodError'{0x00000006045c1c80}: 'java.lang.Object java.lang.invoke.DirectMethodHandle$Holder.invokeStatic(java.lang.Object, java.lang.Object, java.lang.Object, java.lang.Object, java.lang.Object, java.lang.Object, java.lang.Object, java.lang.Object, java.lang.Object, java.lang.Object, java.lang.Object, java.lang.Object, java.lang.Object, java.lang.Object, java.lang.Object, java.lang.Object, java.lang.Object, java.lang.Object, java.lang.Object, java.lang.Object, java.lang.Obj
Event: 12.080 Thread 0x0000021cf45a2990 Exception <a 'java/lang/IncompatibleClassChangeError'{0x0000000603f3d388}: Found class java.lang.Object, but interface was expected> (0x0000000603f3d388) 
thrown [s\src\hotspot\share\interpreter\linkResolver.cpp, line 840]
Event: 12.086 Thread 0x0000021cf45a2990 Exception <a 'java/lang/NoSuchMethodError'{0x0000000603f6b7c0}: 'java.lang.Object java.lang.invoke.DirectMethodHandle$Holder.newInvokeSpecial(java.lang.Object, java.lang.Object, java.lang.Object, java.lang.Object, java.lang.Object, java.lang.Object, java.lang.Object, java.lang.Object, java.lang.Object, java.lang.Object)'> (0x0000000603f6b7c0) 
thrown [s\src\hotspot\share\interpreter\linkResolver.cpp, line 773]
Event: 12.146 Thread 0x0000021cf45a2990 Exception <a 'java/lang/NoSuchMethodError'{0x00000006039f5c18}: 'int java.lang.invoke.DirectMethodHandle$Holder.invokeStaticInit(java.lang.Object, java.lang.Object, java.lang.Object)'> (0x00000006039f5c18) 
thrown [s\src\hotspot\share\interpreter\linkResolver.cpp, line 773]
Event: 12.171 Thread 0x0000021cf45a2990 Exception <a 'java/lang/NoSuchMethodError'{0x0000000603b4da70}: 'java.lang.Object java.lang.invoke.DirectMethodHandle$Holder.invokeVirtual(java.lang.Object, java.lang.Object, java.lang.Object, java.lang.Object, java.lang.Object, java.lang.Object, java.lang.Object, java.lang.Object, java.lang.Object, java.lang.Object, java.lang.Object)'> (0x0000000603b4da70) 
thrown [s\src\hotspot\share\interpreter\linkResolver.cpp, line 773]
Event: 12.254 Thread 0x0000021cf45a2990 Exception <a 'java/lang/NoSuchMethodError'{0x0000000607777920}: 'void java.lang.invoke.DirectMethodHandle$Holder.invokeVirtual(java.lang.Object, java.lang.Object, java.lang.Object, java.lang.Object, java.lang.Object)'> (0x0000000607777920) 
thrown [s\src\hotspot\share\interpreter\linkResolver.cpp, line 773]

ZGC Phase Switch (0 events):
No events

VM Operations (20 events):
Event: 7.624 Executing safepoint VM operation: Cleanup
Event: 7.624 Executing safepoint VM operation: Cleanup done
Event: 8.639 Executing safepoint VM operation: Cleanup
Event: 8.639 Executing safepoint VM operation: Cleanup done
Event: 9.646 Executing safepoint VM operation: Cleanup
Event: 9.646 Executing safepoint VM operation: Cleanup done
Event: 10.649 Executing safepoint VM operation: Cleanup
Event: 10.649 Executing safepoint VM operation: Cleanup done
Event: 11.365 Executing non-safepoint VM operation: HandshakeAllThreads (Deoptimize)
Event: 11.365 Executing non-safepoint VM operation: HandshakeAllThreads (Deoptimize) done
Event: 11.838 Executing non-safepoint VM operation: HandshakeAllThreads (Deoptimize)
Event: 11.838 Executing non-safepoint VM operation: HandshakeAllThreads (Deoptimize) done
Event: 11.838 Executing safepoint VM operation: Cleanup
Event: 11.838 Executing safepoint VM operation: Cleanup done
Event: 11.838 Executing non-safepoint VM operation: HandshakeAllThreads (Deoptimize)
Event: 11.838 Executing non-safepoint VM operation: HandshakeAllThreads (Deoptimize) done
Event: 12.182 Executing safepoint VM operation: G1CollectForAllocation (G1 Evacuation Pause)
Event: 12.188 Executing safepoint VM operation: G1CollectForAllocation (G1 Evacuation Pause) done
Event: 13.191 Executing safepoint VM operation: Cleanup
Event: 13.393 Executing safepoint VM operation: Cleanup done

Memory protections (0 events):
No events

Nmethod flushes (0 events):
No events

Events (20 events):
Event: 0.478 Thread 0x0000021caa972ab0 Thread added: 0x0000021cad724f80
Event: 1.249 Thread 0x0000021cad724f80 Thread exited: 0x0000021cad724f80
Event: 1.375 Thread 0x0000021caa972ab0 Thread added: 0x0000021cf3b17080
Event: 2.536 Thread 0x0000021cf3b17080 Thread exited: 0x0000021cf3b17080
Event: 2.610 Thread 0x0000021cfacf2380 Thread added: 0x0000021cf3b17080
Event: 2.737 Thread 0x0000021caa972ab0 Thread added: 0x0000021cf46f67b0
Event: 3.015 Thread 0x0000021cf46f67b0 Thread exited: 0x0000021cf46f67b0
Event: 3.433 Thread 0x0000021cfacf2380 Thread added: 0x0000021cf46ea450
Event: 3.539 Thread 0x0000021cfacf2380 Thread added: 0x0000021cf47ce890
Event: 3.621 Thread 0x0000021cf46ea450 Thread added: 0x0000021cf45c95a0
Event: 3.625 Thread 0x0000021cf45c95a0 Thread added: 0x0000021cf45daa00
Event: 3.712 Thread 0x0000021cf45c95a0 Thread added: 0x0000021cf45dc290
Event: 3.717 Thread 0x0000021cf45c95a0 Thread added: 0x0000021cf45a2990
Event: 3.745 Thread 0x0000021cf45a2990 Thread added: 0x0000021cf47e16c0
Event: 3.753 Thread 0x0000021cf45a2990 Thread added: 0x0000021cf47e1d50
Event: 3.754 Thread 0x0000021cf45a2990 Thread added: 0x0000021cf47e23e0
Event: 11.366 Thread 0x0000021cf45a2990 Thread added: 0x0000021cf47e2a70
Event: 11.392 Thread 0x0000021cf45a2990 Thread added: 0x0000021cf47e3100
Event: 11.473 Thread 0x0000021cf45a2990 Thread added: 0x0000021cf47e3e20
Event: 11.773 Thread 0x0000021caa972ab0 Thread added: 0x0000021cf56cb770


Dynamic libraries:
0x00007ff6a9cf0000 - 0x00007ff6a9cfe000 	C:\Users\josuemorais\.vscode\extensions\redhat.java-1.53.0-win32-x64\jre\21.0.10-win32-x86_64\bin\java.exe
0x00007ff94a080000 - 0x00007ff94a2e7000 	C:\WINDOWS\SYSTEM32\ntdll.dll
0x00007ff949390000 - 0x00007ff949459000 	C:\WINDOWS\System32\KERNEL32.DLL
0x00007ff947330000 - 0x00007ff947721000 	C:\WINDOWS\System32\KERNELBASE.dll
0x00007ff943e50000 - 0x00007ff943eef000 	C:\WINDOWS\SYSTEM32\apphelp.dll
0x00007ff9479a0000 - 0x00007ff947aeb000 	C:\WINDOWS\System32\ucrtbase.dll
0x00007ff8dc6f0000 - 0x00007ff8dc708000 	C:\Users\josuemorais\.vscode\extensions\redhat.java-1.53.0-win32-x64\jre\21.0.10-win32-x86_64\bin\jli.dll
0x00007ff91bdc0000 - 0x00007ff91bdde000 	C:\Users\josuemorais\.vscode\extensions\redhat.java-1.53.0-win32-x64\jre\21.0.10-win32-x86_64\bin\VCRUNTIME140.dll
0x00007ff949710000 - 0x00007ff9498d5000 	C:\WINDOWS\System32\USER32.dll
0x00007ff947730000 - 0x00007ff947757000 	C:\WINDOWS\System32\win32u.dll
0x00007ff9492a0000 - 0x00007ff9492cb000 	C:\WINDOWS\System32\GDI32.dll
0x00007ff947cf0000 - 0x00007ff947e1b000 	C:\WINDOWS\System32\gdi32full.dll
0x00007ff92ed00000 - 0x00007ff92ef93000 	C:\WINDOWS\WinSxS\amd64_microsoft.windows.common-controls_6595b64144ccf1df_6.0.26100.8037_none_3e092faae333b53b\COMCTL32.dll
0x00007ff947280000 - 0x00007ff947323000 	C:\WINDOWS\System32\msvcp_win.dll
0x00007ff949f90000 - 0x00007ff94a039000 	C:\WINDOWS\System32\msvcrt.dll
0x00007ff9495e0000 - 0x00007ff949611000 	C:\WINDOWS\System32\IMM32.DLL
0x00007ff8f9850000 - 0x00007ff8f985c000 	C:\Users\josuemorais\.vscode\extensions\redhat.java-1.53.0-win32-x64\jre\21.0.10-win32-x86_64\bin\vcruntime140_1.dll
0x00007ff8a89d0000 - 0x00007ff8a8a5d000 	C:\Users\josuemorais\.vscode\extensions\redhat.java-1.53.0-win32-x64\jre\21.0.10-win32-x86_64\bin\msvcp140.dll
0x00007ff86fe50000 - 0x00007ff870bf1000 	C:\Users\josuemorais\.vscode\extensions\redhat.java-1.53.0-win32-x64\jre\21.0.10-win32-x86_64\bin\server\jvm.dll
0x00007ff949ed0000 - 0x00007ff949f8b000 	C:\WINDOWS\System32\ADVAPI32.dll
0x00007ff949e10000 - 0x00007ff949eb7000 	C:\WINDOWS\System32\sechost.dll
0x00007ff948f30000 - 0x00007ff949048000 	C:\WINDOWS\System32\RPCRT4.dll
0x00007ff949b40000 - 0x00007ff949bb4000 	C:\WINDOWS\System32\WS2_32.dll
0x00007ff93f900000 - 0x00007ff93f90b000 	C:\WINDOWS\SYSTEM32\VERSION.dll
0x00007ff9467c0000 - 0x00007ff94681e000 	C:\WINDOWS\SYSTEM32\POWRPROF.dll
0x00007ff93d730000 - 0x00007ff93d765000 	C:\WINDOWS\SYSTEM32\WINMM.dll
0x00007ff9467a0000 - 0x00007ff9467b4000 	C:\WINDOWS\SYSTEM32\UMPDC.dll
0x00007ff945580000 - 0x00007ff94559b000 	C:\WINDOWS\SYSTEM32\kernel.appcore.dll
0x00007ff8f1cc0000 - 0x00007ff8f1cca000 	C:\Users\josuemorais\.vscode\extensions\redhat.java-1.53.0-win32-x64\jre\21.0.10-win32-x86_64\bin\jimage.dll
0x00007ff938e20000 - 0x00007ff939062000 	C:\WINDOWS\SYSTEM32\DBGHELP.DLL
0x00007ff947e20000 - 0x00007ff9481a2000 	C:\WINDOWS\System32\combase.dll
0x00007ff949620000 - 0x00007ff9496f7000 	C:\WINDOWS\System32\OLEAUT32.dll
0x00007ff930060000 - 0x00007ff93009b000 	C:\WINDOWS\SYSTEM32\dbgcore.DLL
0x00007ff946960000 - 0x00007ff946a05000 	C:\WINDOWS\System32\bcryptPrimitives.dll
0x00007ff8f0d60000 - 0x00007ff8f0d6f000 	C:\Users\josuemorais\.vscode\extensions\redhat.java-1.53.0-win32-x64\jre\21.0.10-win32-x86_64\bin\instrument.dll
0x00007ff8dc6d0000 - 0x00007ff8dc6f0000 	C:\Users\josuemorais\.vscode\extensions\redhat.java-1.53.0-win32-x64\jre\21.0.10-win32-x86_64\bin\java.dll
0x00007ff9481b0000 - 0x00007ff94890f000 	C:\WINDOWS\System32\SHELL32.dll
0x00007ff947b80000 - 0x00007ff947cea000 	C:\WINDOWS\System32\wintypes.dll
0x00007ff946a10000 - 0x00007ff947274000 	C:\WINDOWS\System32\windows.storage.dll
0x00007ff948920000 - 0x00007ff948a17000 	C:\WINDOWS\System32\SHCORE.dll
0x00007ff949090000 - 0x00007ff9490f7000 	C:\WINDOWS\System32\shlwapi.dll
0x00007ff946880000 - 0x00007ff9468a9000 	C:\WINDOWS\SYSTEM32\profapi.dll
0x00007ff91be60000 - 0x00007ff91be78000 	C:\Users\josuemorais\.vscode\extensions\redhat.java-1.53.0-win32-x64\jre\21.0.10-win32-x86_64\bin\zip.dll
0x00007ff91be50000 - 0x00007ff91be60000 	C:\Users\josuemorais\.vscode\extensions\redhat.java-1.53.0-win32-x64\jre\21.0.10-win32-x86_64\bin\net.dll
0x00007ff9455a0000 - 0x00007ff9456c7000 	C:\WINDOWS\SYSTEM32\WINHTTP.dll
0x00007ff945c00000 - 0x00007ff945c6b000 	C:\WINDOWS\system32\mswsock.dll
0x00007ff91be30000 - 0x00007ff91be46000 	C:\Users\josuemorais\.vscode\extensions\redhat.java-1.53.0-win32-x64\jre\21.0.10-win32-x86_64\bin\nio.dll
0x00007ff91be20000 - 0x00007ff91be30000 	C:\Users\josuemorais\.vscode\extensions\redhat.java-1.53.0-win32-x64\jre\21.0.10-win32-x86_64\bin\verify.dll
0x00007ff8dc5f0000 - 0x00007ff8dc617000 	C:\Users\josuemorais\.gradle\native\1def1411415f61bf3af743bc5b6707747c0891f09f0c88961ee8f79bc544acac\windows-amd64\native-platform.dll
0x00007ff89d250000 - 0x00007ff89d2c8000 	C:\Users\josuemorais\.gradle\native\0.2.7\x86_64-windows-gnu\gradle-fileevents.dll
0x00007ff91bde0000 - 0x00007ff91bdea000 	C:\Users\josuemorais\.vscode\extensions\redhat.java-1.53.0-win32-x64\jre\21.0.10-win32-x86_64\bin\management.dll
0x00007ff8f05a0000 - 0x00007ff8f05ac000 	C:\Users\josuemorais\.vscode\extensions\redhat.java-1.53.0-win32-x64\jre\21.0.10-win32-x86_64\bin\management_ext.dll
0x00007ff9498e0000 - 0x00007ff9498e8000 	C:\WINDOWS\System32\PSAPI.DLL
0x00007ff944c10000 - 0x00007ff944c43000 	C:\WINDOWS\SYSTEM32\IPHLPAPI.DLL
0x00007ff949080000 - 0x00007ff94908a000 	C:\WINDOWS\System32\NSI.dll
0x00007ff91be00000 - 0x00007ff91be09000 	C:\Users\josuemorais\.vscode\extensions\redhat.java-1.53.0-win32-x64\jre\21.0.10-win32-x86_64\bin\extnet.dll
0x00007ff946000000 - 0x00007ff94601b000 	C:\WINDOWS\SYSTEM32\CRYPTSP.dll
0x00007ff9454e0000 - 0x00007ff945519000 	C:\WINDOWS\system32\rsaenh.dll
0x00007ff945cb0000 - 0x00007ff945ce2000 	C:\WINDOWS\SYSTEM32\USERENV.dll
0x00007ff946850000 - 0x00007ff94687a000 	C:\WINDOWS\SYSTEM32\bcrypt.dll
0x00007ff945e60000 - 0x00007ff945e6c000 	C:\WINDOWS\SYSTEM32\CRYPTBASE.dll
0x00007ff91be10000 - 0x00007ff91be1e000 	C:\Users\josuemorais\.vscode\extensions\redhat.java-1.53.0-win32-x64\jre\21.0.10-win32-x86_64\bin\sunmscapi.dll
0x00007ff947820000 - 0x00007ff947997000 	C:\WINDOWS\System32\CRYPT32.dll
0x00007ff946160000 - 0x00007ff946190000 	C:\WINDOWS\SYSTEM32\ncrypt.dll
0x00007ff946110000 - 0x00007ff94614f000 	C:\WINDOWS\SYSTEM32\NTASN1.dll
0x00007ff92b9f0000 - 0x00007ff92b9f8000 	C:\WINDOWS\system32\wshunix.dll

JVMTI agents:
C:\Users\josuemorais\.gradle\wrapper\dists\gradle-8.14-all\c2qonpi39x1mddn7hk5gh9iqj\gradle-8.14\lib\agents\gradle-instrumentation-agent-8.14.jar path:C:\Users\josuemorais\.vscode\extensions\redhat.java-1.53.0-win32-x64\jre\21.0.10-win32-x86_64\bin\instrument.dll, loaded, initialized, instrumentlib options:none

dbghelp: loaded successfully - version: 4.0.5 - missing functions: none
symbol engine: initialized successfully - sym options: 0x614 - pdb path: .;C:\Users\josuemorais\.vscode\extensions\redhat.java-1.53.0-win32-x64\jre\21.0.10-win32-x86_64\bin;C:\WINDOWS\SYSTEM32;C:\WINDOWS\WinSxS\amd64_microsoft.windows.common-controls_6595b64144ccf1df_6.0.26100.8037_none_3e092faae333b53b;C:\Users\josuemorais\.vscode\extensions\redhat.java-1.53.0-win32-x64\jre\21.0.10-win32-x86_64\bin\server;C:\Users\josuemorais\.gradle\native\1def1411415f61bf3af743bc5b6707747c0891f09f0c88961ee8f79bc544acac\windows-amd64;C:\Users\josuemorais\.gradle\native\0.2.7\x86_64-windows-gnu

VM Arguments:
jvm_args: --add-opens=java.base/java.lang=ALL-UNNAMED --add-opens=java.base/java.lang.invoke=ALL-UNNAMED --add-opens=java.base/java.util=ALL-UNNAMED --add-opens=java.prefs/java.util.prefs=ALL-UNNAMED --add-exports=jdk.compiler/com.sun.tools.javac.api=ALL-UNNAMED --add-exports=jdk.compiler/com.sun.tools.javac.util=ALL-UNNAMED --add-opens=java.base/java.util=ALL-UNNAMED --add-opens=java.prefs/java.util.prefs=ALL-UNNAMED --add-opens=java.base/java.nio.charset=ALL-UNNAMED --add-opens=java.base/java.net=ALL-UNNAMED --add-opens=java.base/java.util.concurrent.atomic=ALL-UNNAMED --add-opens=java.xml/javax.xml.namespace=ALL-UNNAMED -XX:MaxMetaspaceSize=4G -XX:ReservedCodeCacheSize=512m -XX:+HeapDumpOnOutOfMemoryError -Xmx8G -Dfile.encoding=UTF-8 -Duser.country=BR -Duser.language=pt -Duser.variant -javaagent:C:\Users\josuemorais\.gradle\wrapper\dists\gradle-8.14-all\c2qonpi39x1mddn7hk5gh9iqj\gradle-8.14\lib\agents\gradle-instrumentation-agent-8.14.jar 
java_command: org.gradle.launcher.daemon.bootstrap.GradleDaemon 8.14
java_class_path (initial): C:\Users\josuemorais\.gradle\wrapper\dists\gradle-8.14-all\c2qonpi39x1mddn7hk5gh9iqj\gradle-8.14\lib\gradle-daemon-main-8.14.jar
Launcher Type: SUN_STANDARD

[Global flags]
     intx CICompilerCount                          = 4                                         {product} {ergonomic}
     uint ConcGCThreads                            = 3                                         {product} {ergonomic}
     uint G1ConcRefinementThreads                  = 10                                        {product} {ergonomic}
   size_t G1HeapRegionSize                         = 4194304                                   {product} {ergonomic}
    uintx GCDrainStackTargetSize                   = 64                                        {product} {ergonomic}
     bool HeapDumpOnOutOfMemoryError               = true                                   {manageable} {command line}
   size_t InitialHeapSize                          = 125829120                                 {product} {ergonomic}
   size_t MarkStackSize                            = 4194304                                   {product} {ergonomic}
   size_t MaxHeapSize                              = 8589934592                                {product} {command line}
   size_t MaxMetaspaceSize                         = 4294967296                                {product} {command line}
   size_t MaxNewSize                               = 5150605312                                {product} {ergonomic}
   size_t MinHeapDeltaBytes                        = 4194304                                   {product} {ergonomic}
   size_t MinHeapSize                              = 8388608                                   {product} {ergonomic}
    uintx NonNMethodCodeHeapSize                   = 5839372                                {pd product} {ergonomic}
    uintx NonProfiledCodeHeapSize                  = 265515770                              {pd product} {ergonomic}
    uintx ProfiledCodeHeapSize                     = 265515770                              {pd product} {ergonomic}
    uintx ReservedCodeCacheSize                    = 536870912                              {pd product} {command line}
     bool SegmentedCodeCache                       = true                                      {product} {ergonomic}
   size_t SoftMaxHeapSize                          = 8589934592                             {manageable} {ergonomic}
     bool UseCompressedOops                        = true                           {product lp64_product} {ergonomic}
     bool UseG1GC                                  = true                                      {product} {ergonomic}
     bool UseLargePagesIndividualAllocation        = false                                  {pd product} {ergonomic}

Logging:
Log output configuration:
 #0: stdout all=warning uptime,level,tags foldmultilines=false
 #1: stderr all=off uptime,level,tags foldmultilines=false

Release file:
JAVA_VERSION="21.0.10" 
MODULES="java.base java.compiler java.datatransfer java.xml java.prefs java.desktop java.instrument java.logging java.management java.security.sasl java.naming java.rmi java.management.rmi java.net.http java.scripting java.security.jgss java.transaction.xa java.sql java.sql.rowset java.xml.crypto java.se java.smartcardio jdk.accessibility jdk.internal.jvmstat jdk.attach jdk.charsets jdk.internal.opt jdk.zipfs jdk.compiler jdk.crypto.ec jdk.crypto.cryptoki jdk.crypto.mscapi jdk.dynalink jdk.internal.ed jdk.editpad jdk.hotspot.agent jdk.httpserver jdk.internal.le jdk.internal.vm.ci jdk.internal.vm.compiler jdk.internal.vm.compiler.management jdk.jartool jdk.javadoc jdk.jcmd jdk.management jdk.management.agent jdk.jconsole jdk.jdeps jdk.jdwp.agent jdk.jdi jdk.jfr jdk.jshell jdk.jsobject jdk.jstatd jdk.localedata jdk.management.jfr jdk.naming.dns jdk.naming.rmi jdk.net jdk.nio.mapmode jdk.random jdk.sctp jdk.security.auth jdk.security.jgss jdk.unsupported jdk.unsupported.desktop jdk.xml.dom" 

Environment Variables:
JAVA_HOME=C:\Program Files\Microsoft\jdk-11.0.18.10-hotspot\
PATH=C:\Users\josuemorais\AppData\Local\Programs\Microsoft VS Code;C:\Program Files\Microsoft\jdk-11.0.18.10-hotspot\bin;C:\WINDOWS;C:\WINDOWS\system32;C:\WINDOWS\System32\Wbem;C:\WINDOWS\System32\WindowsPowerShell\v1.0\;C:\Program Files\Python312\;C:\Program Files\Python312\Scripts\;C:\Users\josuemorais\AppData\Roaming\Python\Python312\Scripts;C:\Program Files\Common Files\Oracle\Java\javapath;C:\Program Files\dotnet\;C:\WINDOWS\System32\OpenSSH\;C:\Program Files (x86)\ININDUFU;C:\Program Files (x86)\ININDUFU\SimulIDE_1.0.0-SR2_Win64\;C:\Program Files (x86)\ININDUFU\openocd-esp32\bin;C:\Program Files (x86)\com0com\;c:\FlutterSDK\vulkan-1;c:\FlutterSDK\flutter\bin;c:\FlutterSDK\AndroidSDK_9477386\cmdline-tools\latest;c:\FlutterSDK\AndroidSDK_9477386\platform-tools;C:\Program Files\Dart\dart-sdk\bin;C:\Program Files\Git\cmd;C:\Program Files\nodejs\;C:\ProgramData\chocolatey\bin;C:\Strawberry\c\bin;C:\Strawberry\perl\site\bin;C:\Strawberry\perl\bin;C:\Program Files\MiKTeX\miktex\bin\x64\;C:\Program Files (x86)\Microsoft Visual Studio\2022\BuildTools\VC\Tools\MSVC\14.43.34808\bin\Hostx64\x64;C:\ProgramData\chocolatey\lib\dependencywalker\content;C:\Program Files\usbipd-win\;C:\Program Files (x86)\CODESYS\APInstaller\;C:\Qt\5.15.2\msvc2019_64\bin;C:\Users\josuemorais\AppData\Local\Microsoft\WindowsApps;;C:\Users\josuemorais\AppData\Local\Programs\Microsoft VS Code\bin;C:\Users\josuemorais\AppData\Roaming\npm;C:\texlive\2025\bin\windows;C:\Users\josuemorais\.dotnet\tools
USERNAME=josuemorais
OS=Windows_NT
PROCESSOR_IDENTIFIER=AMD64 Family 25 Model 80 Stepping 0, AuthenticAMD
TMP=C:\Users\JOSUEM~1\AppData\Local\Temp
TEMP=C:\Users\JOSUEM~1\AppData\Local\Temp




Periodic native trim disabled

---------------  S Y S T E M  ---------------

OS:
 Windows 11 , 64 bit Build 26100 (10.0.26100.7920)
OS uptime: 1 days 17:52 hours
Hyper-V role detected

CPU: total 12 (initial active 12) (12 cores per cpu, 2 threads per core) family 25 model 80 stepping 0 microcode 0xa500011, cx8, cmov, fxsr, ht, mmx, 3dnowpref, sse, sse2, sse3, ssse3, sse4a, sse4.1, sse4.2, popcnt, lzcnt, tsc, tscinvbit, avx, avx2, aes, erms, clmul, bmi1, bmi2, adx, sha, fma, vzeroupper, clflush, clflushopt, hv, rdtscp, rdpid, fsrm, f16c, cet_ss
Processor Information for the first 12 processors :
  Max Mhz: 3901, Current Mhz: 3901, Mhz Limit: 3901

Memory: 4k page, system-wide physical 7531M (585M free)
TotalPageFile size 31083M (AvailPageFile size 6M)
current process WorkingSet (physical memory assigned to process): 224M, peak: 231M
current process commit charge ("private bytes"): 292M, peak: 300M

vm_info: OpenJDK 64-Bit Server VM (21.0.10+7-LTS) for windows-amd64 JRE (21.0.10+7-LTS), built on 2026-01-20T00:00:00Z by "admin" with MS VC++ 17.12 (VS2022)

END.
